[2026-03-27 06:00:04] ========== 开始执行定时索引更新 ==========
[2026-03-27 06:00:04] 未检测到 docs 目录变更
[2026-03-27 06:00:04] 跳过索引更新
[2026-03-27 06:00:04] ========== 执行完成 ==========
[2026-03-27 06:00:04] 
[2026-03-28 06:55:34] ========== 开始执行定时索引更新 ==========
[2026-03-28 06:55:34] 未检测到 docs 目录变更
[2026-03-28 06:55:34] 跳过索引更新
[2026-03-28 06:55:34] ========== 执行完成 ==========
[2026-03-28 06:55:34] 
[2026-03-29 06:00:54] ========== 开始执行定时索引更新 ==========
[2026-03-29 06:00:54] 未检测到 docs 目录变更
[2026-03-29 06:00:54] 跳过索引更新
[2026-03-29 06:00:54] ========== 执行完成 ==========
[2026-03-29 06:00:54] 
[2026-03-30 06:00:43] ========== 开始执行定时索引更新 ==========
[2026-03-30 06:00:43] 未检测到 docs 目录变更
[2026-03-30 06:00:43] 跳过索引更新
[2026-03-30 06:00:43] ========== 执行完成 ==========
[2026-03-30 06:00:43] 
[2026-03-31 06:14:33] ========== 开始执行定时索引更新 ==========
[2026-03-31 06:14:33] 未检测到 docs 目录变更
[2026-03-31 06:14:33] 跳过索引更新
[2026-03-31 06:14:33] ========== 执行完成 ==========
[2026-03-31 06:14:33] 
[2026-04-01 06:13:33] ========== 开始执行定时索引更新 ==========
[2026-04-01 06:13:33] 未检测到 docs 目录变更
[2026-04-01 06:13:33] 跳过索引更新
[2026-04-01 06:13:33] ========== 执行完成 ==========
[2026-04-01 06:13:33] 
[2026-04-02 06:06:02] ========== 开始执行定时索引更新 ==========
[2026-04-02 06:06:02] 未检测到 docs 目录变更
[2026-04-02 06:06:02] 跳过索引更新
[2026-04-02 06:06:02] ========== 执行完成 ==========
[2026-04-02 06:06:02] 
[2026-04-03 06:12:27] ========== 开始执行定时索引更新 ==========
[2026-04-03 06:12:27] 未检测到 docs 目录变更
[2026-04-03 06:12:27] 跳过索引更新
[2026-04-03 06:12:27] ========== 执行完成 ==========
[2026-04-03 06:12:27] 
[2026-04-04 06:14:19] ========== 开始执行定时索引更新 ==========
[2026-04-04 06:14:19] 未检测到 docs 目录变更
[2026-04-04 06:14:19] 跳过索引更新
[2026-04-04 06:14:19] ========== 执行完成 ==========
[2026-04-04 06:14:19] 
[2026-04-05 06:00:02] ========== 开始执行定时索引更新 ==========
[2026-04-05 06:00:02] 未检测到 docs 目录变更
[2026-04-05 06:00:02] 跳过索引更新
[2026-04-05 06:00:02] ========== 执行完成 ==========
[2026-04-05 06:00:02] 
[2026-04-06 06:00:01] ========== 开始执行定时索引更新 ==========
[2026-04-06 06:00:01] 未检测到 docs 目录变更
[2026-04-06 06:00:01] 跳过索引更新
[2026-04-06 06:00:01] ========== 执行完成 ==========
[2026-04-06 06:00:01] 
[2026-04-07 06:00:01] ========== 开始执行定时索引更新 ==========
[2026-04-07 06:00:02] 未检测到 docs 目录变更
[2026-04-07 06:00:02] 跳过索引更新
[2026-04-07 06:00:02] ========== 执行完成 ==========
[2026-04-07 06:00:02] 
[2026-04-08 06:00:03] ========== 开始执行定时索引更新 ==========
[2026-04-08 06:00:03] 未检测到 docs 目录变更
[2026-04-08 06:00:03] 跳过索引更新
[2026-04-08 06:00:03] ========== 执行完成 ==========
[2026-04-08 06:00:03] 
[2026-04-09 06:00:02] ========== 开始执行定时索引更新 ==========
[2026-04-09 06:00:02] 未检测到 docs 目录变更
[2026-04-09 06:00:02] 跳过索引更新
[2026-04-09 06:00:02] ========== 执行完成 ==========
[2026-04-09 06:00:02] 
